0 info it worked if it ends with ok
1 verbose cli [ '/usr/bin/node', '/usr/bin/npm', 'install', 'connect@2.X.X' ]
2 info using npm@1.4.28
3 info using node@v0.10.33
4 verbose node symlink /usr/bin/node
5 warn package.json corneredplayground@0.0.0 No repository field.
6 verbose readDependencies using package.json deps
7 verbose cache add [ 'connect@2.X.X', null ]
8 verbose cache add name=undefined spec="connect@2.X.X" args=["connect@2.X.X",null]
9 verbose parsed url { protocol: null,
9 verbose parsed url   slashes: null,
9 verbose parsed url   auth: null,
9 verbose parsed url   host: null,
9 verbose parsed url   port: null,
9 verbose parsed url   hostname: null,
9 verbose parsed url   hash: null,
9 verbose parsed url   search: null,
9 verbose parsed url   query: null,
9 verbose parsed url   pathname: 'connect@2.X.X',
9 verbose parsed url   path: 'connect@2.X.X',
9 verbose parsed url   href: 'connect@2.X.X' }
10 verbose cache add name="connect" spec="2.X.X" args=["connect","2.X.X"]
11 verbose parsed url { protocol: null,
11 verbose parsed url   slashes: null,
11 verbose parsed url   auth: null,
11 verbose parsed url   host: null,
11 verbose parsed url   port: null,
11 verbose parsed url   hostname: null,
11 verbose parsed url   hash: null,
11 verbose parsed url   search: null,
11 verbose parsed url   query: null,
11 verbose parsed url   pathname: '2.X.X',
11 verbose parsed url   path: '2.X.X',
11 verbose parsed url   href: '2.X.X' }
12 verbose addNamed [ 'connect', '2.X.X' ]
13 verbose addNamed [ null, '>=2.0.0-0 <3.0.0-0' ]
14 silly lockFile 42336506-connect-2-X-X connect@2.X.X
15 verbose lock connect@2.X.X /home/paul/.npm/42336506-connect-2-X-X.lock
16 silly addNameRange { name: 'connect', range: '>=2.0.0-0 <3.0.0-0', hasData: false }
17 verbose request where is /connect
18 verbose request registry https://registry.npmjs.org/
19 verbose request id eaed906909c895e7
20 verbose url raw /connect
21 verbose url resolving [ 'https://registry.npmjs.org/', './connect' ]
22 verbose url resolved https://registry.npmjs.org/connect
23 verbose request where is https://registry.npmjs.org/connect
24 info trying registry request attempt 1 at 00:51:06
25 verbose etag "DG30JV64BS2GDQAKDQFTFUHJ2"
26 http GET https://registry.npmjs.org/connect
27 http 304 https://registry.npmjs.org/connect
28 silly registry.get cb [ 304,
28 silly registry.get   { date: 'Tue, 09 Dec 2014 00:51:06 GMT',
28 silly registry.get     server: 'Apache',
28 silly registry.get     via: '1.1 varnish',
28 silly registry.get     'last-modified': 'Tue, 09 Dec 2014 00:51:06 GMT',
28 silly registry.get     'cache-control': 'max-age=60',
28 silly registry.get     etag: '"DG30JV64BS2GDQAKDQFTFUHJ2"',
28 silly registry.get     age: '0',
28 silly registry.get     'x-served-by': 'cache-ams4132-AMS',
28 silly registry.get     'x-cache': 'HIT',
28 silly registry.get     'x-cache-hits': '1',
28 silly registry.get     'x-timer': 'S1418086266.201517,VS0,VE385',
28 silly registry.get     vary: 'Accept',
28 silly registry.get     'content-length': '0',
28 silly registry.get     'keep-alive': 'timeout=10, max=50',
28 silly registry.get     connection: 'Keep-Alive' } ]
29 verbose etag https://registry.npmjs.org/connect from cache
30 silly addNameRange number 2 { name: 'connect', range: '>=2.0.0-0 <3.0.0-0', hasData: true }
31 silly addNameRange versions [ 'connect',
31 silly addNameRange   [ '0.0.1',
31 silly addNameRange     '0.0.2',
31 silly addNameRange     '0.0.3',
31 silly addNameRange     '0.0.4',
31 silly addNameRange     '0.0.5',
31 silly addNameRange     '0.0.6',
31 silly addNameRange     '0.1.0',
31 silly addNameRange     '0.2.0',
31 silly addNameRange     '0.2.1',
31 silly addNameRange     '0.2.2',
31 silly addNameRange     '0.2.3',
31 silly addNameRange     '0.2.4',
31 silly addNameRange     '0.2.5',
31 silly addNameRange     '0.2.6',
31 silly addNameRange     '0.2.7',
31 silly addNameRange     '0.3.0',
31 silly addNameRange     '0.4.0',
31 silly addNameRange     '0.5.0',
31 silly addNameRange     '0.5.1',
31 silly addNameRange     '0.5.2',
31 silly addNameRange     '0.5.3',
31 silly addNameRange     '0.5.4',
31 silly addNameRange     '0.5.5',
31 silly addNameRange     '0.5.6',
31 silly addNameRange     '0.5.7',
31 silly addNameRange     '0.5.8',
31 silly addNameRange     '0.5.9',
31 silly addNameRange     '0.5.10',
31 silly addNameRange     '1.0.0',
31 silly addNameRange     '1.0.1',
31 silly addNameRange     '1.0.2',
31 silly addNameRange     '1.0.3',
31 silly addNameRange     '1.0.4',
31 silly addNameRange     '1.0.5',
31 silly addNameRange     '1.0.6',
31 silly addNameRange     '1.1.0',
31 silly addNameRange     '1.1.1',
31 silly addNameRange     '1.1.2',
31 silly addNameRange     '1.1.3',
31 silly addNameRange     '1.1.4',
31 silly addNameRange     '1.1.5',
31 silly addNameRange     '1.2.0',
31 silly addNameRange     '1.2.1',
31 silly addNameRange     '1.2.2',
31 silly addNameRange     '1.2.3',
31 silly addNameRange     '1.3.0',
31 silly addNameRange     '1.4.0',
31 silly addNameRange     '1.4.1',
31 silly addNameRange     '1.4.2',
31 silly addNameRange     '1.4.3',
31 silly addNameRange     '1.4.4',
31 silly addNameRange     '1.4.5',
31 silly addNameRange     '1.4.6',
31 silly addNameRange     '1.5.0',
31 silly addNameRange     '1.5.1',
31 silly addNameRange     '1.5.2',
31 silly addNameRange     '1.6.0',
31 silly addNameRange     '1.6.1',
31 silly addNameRange     '1.6.2',
31 silly addNameRange     '1.6.3',
31 silly addNameRange     '1.6.4',
31 silly addNameRange     '1.7.0',
31 silly addNameRange     '1.7.1',
31 silly addNameRange     '1.7.2',
31 silly addNameRange     '1.7.3',
31 silly addNameRange     '1.8.0',
31 silly addNameRange     '1.8.1',
31 silly addNameRange     '1.8.2',
31 silly addNameRange     '1.8.3',
31 silly addNameRange     '1.8.4',
31 silly addNameRange     '1.8.5',
31 silly addNameRange     '2.0.0',
31 silly addNameRange     '2.0.1',
31 silly addNameRange     '2.0.2',
31 silly addNameRange     '2.0.3',
31 silly addNameRange     '1.8.6',
31 silly addNameRange     '2.1.0',
31 silly addNameRange     '2.1.1',
31 silly addNameRange     '2.1.2',
31 silly addNameRange     '1.8.7',
31 silly addNameRange     '2.1.3',
31 silly addNameRange     '2.2.0',
31 silly addNameRange     '2.2.1',
31 silly addNameRange     '2.2.2',
31 silly addNameRange     '2.3.0',
31 silly addNameRange     '2.3.1',
31 silly addNameRange     '2.3.2',
31 silly addNameRange     '2.3.3',
31 silly addNameRange     '1.9.0',
31 silly addNameRange     '1.9.1',
31 silly addNameRange     '2.3.4',
31 silly addNameRange     '2.3.5',
31 silly addNameRange     '2.3.6',
31 silly addNameRange     '2.3.7',
31 silly addNameRange     '1.9.2',
31 silly addNameRange     '2.3.8',
31 silly addNameRange     '2.3.9',
31 silly addNameRange     '2.4.0',
31 silly addNameRange     '2.4.1',
31 silly addNameRange     '2.4.2',
31 silly addNameRange     '2.4.3',
31 silly addNameRange     '2.4.4',
31 silly addNameRange     '2.4.5',
31 silly addNameRange     '2.4.6',
31 silly addNameRange     '2.5.0',
31 silly addNameRange     '2.6.0',
31 silly addNameRange     '2.6.1',
31 silly addNameRange     '2.6.2',
31 silly addNameRange     '2.7.0',
31 silly addNameRange     '2.7.1',
31 silly addNameRange     '2.7.2',
31 silly addNameRange     '2.7.3',
31 silly addNameRange     '2.7.4',
31 silly addNameRange     '2.7.5',
31 silly addNameRange     '2.7.6',
31 silly addNameRange     '2.7.7',
31 silly addNameRange     '2.7.8',
31 silly addNameRange     '2.7.9',
31 silly addNameRange     '2.7.10',
31 silly addNameRange     '2.7.11',
31 silly addNameRange     '2.8.0',
31 silly addNameRange     '2.8.1',
31 silly addNameRange     '2.8.2',
31 silly addNameRange     '2.8.3',
31 silly addNameRange     '2.8.4',
31 silly addNameRange     '2.8.5',
31 silly addNameRange     '2.8.6',
31 silly addNameRange     '2.8.7',
31 silly addNameRange     '2.8.8',
31 silly addNameRange     '2.9.0',
31 silly addNameRange     '2.9.1',
31 silly addNameRange     '2.9.2',
31 silly addNameRange     '2.10.0',
31 silly addNameRange     '2.10.1',
31 silly addNameRange     '2.11.0',
31 silly addNameRange     '2.11.1',
31 silly addNameRange     '2.11.2',
31 silly addNameRange     '2.12.0',
31 silly addNameRange     '2.13.0',
31 silly addNameRange     '2.13.1',
31 silly addNameRange     '2.14.0',
31 silly addNameRange     '2.14.1',
31 silly addNameRange     '3.0.0-rc.1',
31 silly addNameRange     '2.14.2',
31 silly addNameRange     '2.14.3',
31 silly addNameRange     '2.14.4',
31 silly addNameRange     '2.14.5',
31 silly addNameRange     '2.15.0',
31 silly addNameRange     '3.0.0-rc.2',
31 silly addNameRange     '2.16.0',
31 silly addNameRange     '2.16.1',
31 silly addNameRange     '2.16.2',
31 silly addNameRange     '2.17.0',
31 silly addNameRange     '2.17.1',
31 silly addNameRange     '2.17.2',
31 silly addNameRange     '2.17.3',
31 silly addNameRange     '2.18.0',
31 silly addNameRange     '3.0.0',
31 silly addNameRange     '2.19.0',
31 silly addNameRange     '2.19.1',
31 silly addNameRange     '2.19.2',
31 silly addNameRange     '2.19.3',
31 silly addNameRange     '2.19.4',
31 silly addNameRange     '2.19.5',
31 silly addNameRange     '2.19.6',
31 silly addNameRange     '2.20.0',
31 silly addNameRange     '2.20.1',
31 silly addNameRange     '2.20.2',
31 silly addNameRange     '3.0.1',
31 silly addNameRange     '2.21.0',
31 silly addNameRange     '2.21.1',
31 silly addNameRange     '2.22.0',
31 silly addNameRange     '2.23.0',
31 silly addNameRange     '3.0.2',
31 silly addNameRange     '2.24.0',
31 silly addNameRange     '3.1.0',
31 silly addNameRange     '2.24.1',
31 silly addNameRange     '2.24.2',
31 silly addNameRange     '2.24.3',
31 silly addNameRange     '2.25.0',
31 silly addNameRange     '2.25.1',
31 silly addNameRange     '2.25.2',
31 silly addNameRange     '2.25.3',
31 silly addNameRange     '2.25.4',
31 silly addNameRange     '3.1.1',
31 silly addNameRange     '2.25.5',
31 silly addNameRange     '2.25.6',
31 silly addNameRange     '2.25.7',
31 silly addNameRange     '2.25.8',
31 silly addNameRange     '2.25.9',
31 silly addNameRange     '2.25.10',
31 silly addNameRange     '2.26.0',
31 silly addNameRange     '3.2.0',
31 silly addNameRange     '2.26.1',
31 silly addNameRange     '2.26.2',
31 silly addNameRange     '2.26.3',
31 silly addNameRange     '2.26.4',
31 silly addNameRange     '2.26.5',
31 silly addNameRange     '2.26.6',
31 silly addNameRange     '2.27.0',
31 silly addNameRange     '3.3.0',
31 silly addNameRange     '2.27.1',
31 silly addNameRange     '3.3.1',
31 silly addNameRange     '2.27.2',
31 silly addNameRange     '3.3.2',
31 silly addNameRange     '2.27.3',
31 silly addNameRange     '3.3.3',
31 silly addNameRange     '2.27.4' ] ]
32 verbose addNamed [ 'connect', '2.27.4' ]
33 verbose addNamed [ '2.27.4', '2.27.4' ]
34 silly lockFile 07ea1d73-connect-2-27-4 connect@2.27.4
35 verbose lock connect@2.27.4 /home/paul/.npm/07ea1d73-connect-2-27-4.lock
36 silly lockFile f4951a50-s-org-connect-connect-2-27-4-tgz https://registry.npmjs.org/connect/-/connect-2.27.4.tgz
37 verbose lock https://registry.npmjs.org/connect/-/connect-2.27.4.tgz /home/paul/.npm/f4951a50-s-org-connect-connect-2-27-4-tgz.lock
38 verbose addRemoteTarball [ 'https://registry.npmjs.org/connect/-/connect-2.27.4.tgz',
38 verbose addRemoteTarball   '12592c9d105326c5191176f8d57e760d6650c830' ]
39 info retry fetch attempt 1 at 00:51:06
40 verbose fetch to= /tmp/npm-6738-Z9TGJZs6/registry.npmjs.org/connect/-/connect-2.27.4.tgz
41 http GET https://registry.npmjs.org/connect/-/connect-2.27.4.tgz
42 http 200 https://registry.npmjs.org/connect/-/connect-2.27.4.tgz
43 silly lockFile f4951a50-s-org-connect-connect-2-27-4-tgz https://registry.npmjs.org/connect/-/connect-2.27.4.tgz
44 silly lockFile f4951a50-s-org-connect-connect-2-27-4-tgz https://registry.npmjs.org/connect/-/connect-2.27.4.tgz
45 silly lockFile 07ea1d73-connect-2-27-4 connect@2.27.4
46 silly lockFile 07ea1d73-connect-2-27-4 connect@2.27.4
47 silly lockFile 42336506-connect-2-X-X connect@2.X.X
48 silly lockFile 42336506-connect-2-X-X connect@2.X.X
49 error Error: EACCES, mkdir '/home/paul/.npm/connect/2.27.4'
49 error  { [Error: EACCES, mkdir '/home/paul/.npm/connect/2.27.4']
49 error   errno: 3,
49 error   code: 'EACCES',
49 error   path: '/home/paul/.npm/connect/2.27.4',
49 error   parent: 'corneredplayground' }
50 error Please try running this command again as root/Administrator.
51 error System Linux 3.13.0-37-generic
52 error command "/usr/bin/node" "/usr/bin/npm" "install" "connect@2.X.X"
53 error cwd /home/paul/CorneredPlayground
54 error node -v v0.10.33
55 error npm -v 1.4.28
56 error path /home/paul/.npm/connect/2.27.4
57 error code EACCES
58 error errno 3
59 error stack Error: EACCES, mkdir '/home/paul/.npm/connect/2.27.4'
60 verbose exit [ 3, true ]
